{
"contracts/Voting.sol":{"l":{"58":36,"59":34,"63":47,"64":47,"68":23,"69":23,"73":11,"74":11,"80":27,"90":46,"91":45,"93":44,"94":44,"96":44,"104":1,"105":3,"106":3,"107":3,"108":3,"117":17,"118":17,"120":16,"121":16,"128":9,"129":9,"131":9,"132":9,"139":9,"141":9,"142":9,"149":3,"151":3,"152":3,"159":3,"161":3,"163":3,"164":5,"165":3,"166":3,"170":3,"171":3,"172":3,"182":23,"183":22,"185":21,"190":21,"198":11,"199":10,"201":9,"202":9,"204":9,"206":9,"217":2,"218":2,"226":1,"231":2,"232":1,"241":5,"249":1,"257":1,"265":1},"path":"/mnt/c/Users/skoita/Desktop/www/project3_dapp/backend/contracts/Voting.sol","s":{"1":36,"2":47,"3":23,"4":11,"5":46,"6":45,"7":44,"8":44,"9":1,"10":3,"11":3,"12":3,"13":17,"14":17,"15":16,"16":9,"17":9,"18":9,"19":9,"20":9,"21":3,"22":3,"23":3,"24":3,"25":3,"26":5,"27":3,"28":3,"29":23,"30":22,"31":21,"32":21,"33":11,"34":10,"35":9,"36":2,"37":2,"38":1,"39":2,"40":1,"41":5,"42":1,"43":1,"44":1},"b":{"1":[34,2],"2":[47,0],"3":[23,0],"4":[11,0],"5":[46,1],"6":[46,0],"7":[45,1],"8":[44,1],"9":[1,0],"10":[1,0],"11":[3,0],"12":[17,0],"13":[17,0],"14":[16,1],"15":[9,0],"16":[9,0],"17":[9,0],"18":[9,0],"19":[9,0],"20":[3,0],"21":[3,0],"22":[3,0],"23":[3,0],"24":[3,0],"25":[3,2],"26":[23,1],"27":[23,0],"28":[22,1],"29":[21,1],"30":[11,1],"31":[11,0],"32":[11,0],"33":[10,1],"34":[9,1],"35":[2,0],"36":[1,1]},"f":{"1":36,"2":47,"3":23,"4":11,"5":27,"6":46,"7":1,"8":17,"9":9,"10":9,"11":3,"12":3,"13":23,"14":11,"15":2,"16":1,"17":2,"18":5,"19":1,"20":1,"21":1},"fnMap":{"1":{"name":"onlyVoters","line":57,"loc":{"start":{"line":57,"column":4},"end":{"line":60,"column":4}}},"2":{"name":"onlyDuringVotersRegistration","line":62,"loc":{"start":{"line":62,"column":4},"end":{"line":65,"column":4}}},"3":{"name":"onlyDuringProposalsRegistration","line":67,"loc":{"start":{"line":67,"column":4},"end":{"line":70,"column":4}}},"4":{"name":"onlyDuringVotingSession","line":72,"loc":{"start":{"line":72,"column":4},"end":{"line":75,"column":4}}},"5":{"name":"constructor","line":79,"loc":{"start":{"line":79,"column":4},"end":{"line":81,"column":4}}},"6":{"name":"addVoter","line":89,"loc":{"start":{"line":89,"column":4},"end":{"line":97,"column":4}}},"7":{"name":"addVoters","line":103,"loc":{"start":{"line":103,"column":4},"end":{"line":111,"column":4}}},"8":{"name":"startProposalsRegistering","line":116,"loc":{"start":{"line":116,"column":4},"end":{"line":122,"column":4}}},"9":{"name":"endProposalsRegistering","line":127,"loc":{"start":{"line":127,"column":4},"end":{"line":133,"column":4}}},"10":{"name":"startVotingSession","line":138,"loc":{"start":{"line":138,"column":4},"end":{"line":143,"column":4}}},"11":{"name":"endVotingSession","line":148,"loc":{"start":{"line":148,"column":4},"end":{"line":153,"column":4}}},"12":{"name":"tallyVotes","line":158,"loc":{"start":{"line":158,"column":4},"end":{"line":173,"column":4}}},"13":{"name":"addProposal","line":181,"loc":{"start":{"line":181,"column":4},"end":{"line":191,"column":4}}},"14":{"name":"setVote","line":197,"loc":{"start":{"line":197,"column":4},"end":{"line":207,"column":4}}},"15":{"name":"getOneProposal","line":216,"loc":{"start":{"line":216,"column":4},"end":{"line":219,"column":4}}},"16":{"name":"getProposals","line":225,"loc":{"start":{"line":225,"column":4},"end":{"line":227,"column":4}}},"17":{"name":"getWinner","line":230,"loc":{"start":{"line":230,"column":4},"end":{"line":233,"column":4}}},"18":{"name":"getVoter","line":240,"loc":{"start":{"line":240,"column":4},"end":{"line":242,"column":4}}},"19":{"name":"getVotersList","line":248,"loc":{"start":{"line":248,"column":4},"end":{"line":250,"column":4}}},"20":{"name":"getProposalsCount","line":256,"loc":{"start":{"line":256,"column":4},"end":{"line":258,"column":4}}},"21":{"name":"getVotersCount","line":264,"loc":{"start":{"line":264,"column":4},"end":{"line":266,"column":4}}}},"statementMap":{"1":{"start":{"line":58,"column":8},"end":{"line":58,"column":89}},"2":{"start":{"line":63,"column":8},"end":{"line":63,"column":107}},"3":{"start":{"line":68,"column":8},"end":{"line":68,"column":118}},"4":{"start":{"line":73,"column":8},"end":{"line":73,"column":108}},"5":{"start":{"line":90,"column":8},"end":{"line":90,"column":71}},"6":{"start":{"line":91,"column":8},"end":{"line":91,"column":55}},"7":{"start":{"line":94,"column":8},"end":{"line":94,"column":29}},"8":{"start":{"line":96,"column":8},"end":{"line":96,"column":35}},"9":{"start":{"line":104,"column":8},"end":{"line":104,"column":3020}},"10":{"start":{"line":105,"column":12},"end":{"line":105,"column":3079}},"11":{"start":{"line":107,"column":16},"end":{"line":107,"column":41}},"12":{"start":{"line":108,"column":16},"end":{"line":108,"column":47}},"13":{"start":{"line":117,"column":8},"end":{"line":117,"column":84}},"14":{"start":{"line":118,"column":8},"end":{"line":118,"column":66}},"15":{"start":{"line":121,"column":8},"end":{"line":121,"column":83}},"16":{"start":{"line":128,"column":8},"end":{"line":128,"column":95}},"17":{"start":{"line":129,"column":8},"end":{"line":129,"column":70}},"18":{"start":{"line":132,"column":8},"end":{"line":132,"column":94}},"19":{"start":{"line":139,"column":8},"end":{"line":139,"column":93}},"20":{"start":{"line":142,"column":8},"end":{"line":142,"column":92}},"21":{"start":{"line":149,"column":8},"end":{"line":149,"column":87}},"22":{"start":{"line":152,"column":8},"end":{"line":152,"column":86}},"23":{"start":{"line":159,"column":8},"end":{"line":159,"column":85}},"24":{"start":{"line":161,"column":8},"end":{"line":161,"column":33}},"25":{"start":{"line":163,"column":8},"end":{"line":163,"column":5332}},"26":{"start":{"line":164,"column":12},"end":{"line":164,"column":5394}},"27":{"start":{"line":171,"column":8},"end":{"line":171,"column":84}},"28":{"start":{"line":172,"column":8},"end":{"line":172,"column":27}},"29":{"start":{"line":182,"column":8},"end":{"line":182,"column":59}},"30":{"start":{"line":183,"column":8},"end":{"line":183,"column":69}},"31":{"start":{"line":185,"column":8},"end":{"line":185,"column":6151}},"32":{"start":{"line":190,"column":8},"end":{"line":190,"column":53}},"33":{"start":{"line":198,"column":8},"end":{"line":198,"column":67}},"34":{"start":{"line":199,"column":8},"end":{"line":199,"column":65}},"35":{"start":{"line":206,"column":8},"end":{"line":206,"column":35}},"36":{"start":{"line":217,"column":8},"end":{"line":217,"column":65}},"37":{"start":{"line":218,"column":8},"end":{"line":218,"column":29}},"38":{"start":{"line":226,"column":8},"end":{"line":226,"column":24}},"39":{"start":{"line":231,"column":8},"end":{"line":231,"column":107}},"40":{"start":{"line":232,"column":8},"end":{"line":232,"column":43}},"41":{"start":{"line":241,"column":8},"end":{"line":241,"column":28}},"42":{"start":{"line":249,"column":8},"end":{"line":249,"column":25}},"43":{"start":{"line":257,"column":8},"end":{"line":257,"column":31}},"44":{"start":{"line":265,"column":8},"end":{"line":265,"column":32}}},"branchMap":{"1":{"line":58,"type":"if","locations":[{"start":{"line":58,"column":8},"end":{"line":58,"column":8}},{"start":{"line":58,"column":8},"end":{"line":58,"column":8}}]},"2":{"line":63,"type":"if","locations":[{"start":{"line":63,"column":8},"end":{"line":63,"column":8}},{"start":{"line":63,"column":8},"end":{"line":63,"column":8}}]},"3":{"line":68,"type":"if","locations":[{"start":{"line":68,"column":8},"end":{"line":68,"column":8}},{"start":{"line":68,"column":8},"end":{"line":68,"column":8}}]},"4":{"line":73,"type":"if","locations":[{"start":{"line":73,"column":8},"end":{"line":73,"column":8}},{"start":{"line":73,"column":8},"end":{"line":73,"column":8}}]},"5":{"line":89,"type":"if","locations":[{"start":{"line":89,"column":46},"end":{"line":89,"column":46}},{"start":{"line":89,"column":46},"end":{"line":89,"column":46}}]},"6":{"line":89,"type":"if","locations":[{"start":{"line":89,"column":56},"end":{"line":89,"column":56}},{"start":{"line":89,"column":56},"end":{"line":89,"column":56}}]},"7":{"line":90,"type":"if","locations":[{"start":{"line":90,"column":8},"end":{"line":90,"column":8}},{"start":{"line":90,"column":8},"end":{"line":90,"column":8}}]},"8":{"line":91,"type":"if","locations":[{"start":{"line":91,"column":8},"end":{"line":91,"column":8}},{"start":{"line":91,"column":8},"end":{"line":91,"column":8}}]},"9":{"line":103,"type":"if","locations":[{"start":{"line":103,"column":59},"end":{"line":103,"column":59}},{"start":{"line":103,"column":59},"end":{"line":103,"column":59}}]},"10":{"line":103,"type":"if","locations":[{"start":{"line":103,"column":69},"end":{"line":103,"column":69}},{"start":{"line":103,"column":69},"end":{"line":103,"column":69}}]},"11":{"line":105,"type":"if","locations":[{"start":{"line":105,"column":12},"end":{"line":105,"column":12}},{"start":{"line":105,"column":12},"end":{"line":105,"column":12}}]},"12":{"line":116,"type":"if","locations":[{"start":{"line":116,"column":50},"end":{"line":116,"column":50}},{"start":{"line":116,"column":50},"end":{"line":116,"column":50}}]},"13":{"line":117,"type":"if","locations":[{"start":{"line":117,"column":8},"end":{"line":117,"column":8}},{"start":{"line":117,"column":8},"end":{"line":117,"column":8}}]},"14":{"line":118,"type":"if","locations":[{"start":{"line":118,"column":8},"end":{"line":118,"column":8}},{"start":{"line":118,"column":8},"end":{"line":118,"column":8}}]},"15":{"line":127,"type":"if","locations":[{"start":{"line":127,"column":48},"end":{"line":127,"column":48}},{"start":{"line":127,"column":48},"end":{"line":127,"column":48}}]},"16":{"line":128,"type":"if","locations":[{"start":{"line":128,"column":8},"end":{"line":128,"column":8}},{"start":{"line":128,"column":8},"end":{"line":128,"column":8}}]},"17":{"line":129,"type":"if","locations":[{"start":{"line":129,"column":8},"end":{"line":129,"column":8}},{"start":{"line":129,"column":8},"end":{"line":129,"column":8}}]},"18":{"line":138,"type":"if","locations":[{"start":{"line":138,"column":43},"end":{"line":138,"column":43}},{"start":{"line":138,"column":43},"end":{"line":138,"column":43}}]},"19":{"line":139,"type":"if","locations":[{"start":{"line":139,"column":8},"end":{"line":139,"column":8}},{"start":{"line":139,"column":8},"end":{"line":139,"column":8}}]},"20":{"line":148,"type":"if","locations":[{"start":{"line":148,"column":41},"end":{"line":148,"column":41}},{"start":{"line":148,"column":41},"end":{"line":148,"column":41}}]},"21":{"line":149,"type":"if","locations":[{"start":{"line":149,"column":8},"end":{"line":149,"column":8}},{"start":{"line":149,"column":8},"end":{"line":149,"column":8}}]},"22":{"line":158,"type":"if","locations":[{"start":{"line":158,"column":35},"end":{"line":158,"column":35}},{"start":{"line":158,"column":35},"end":{"line":158,"column":35}}]},"23":{"line":158,"type":"if","locations":[{"start":{"line":158,"column":45},"end":{"line":158,"column":45}},{"start":{"line":158,"column":45},"end":{"line":158,"column":45}}]},"24":{"line":159,"type":"if","locations":[{"start":{"line":159,"column":8},"end":{"line":159,"column":8}},{"start":{"line":159,"column":8},"end":{"line":159,"column":8}}]},"25":{"line":164,"type":"if","locations":[{"start":{"line":164,"column":12},"end":{"line":164,"column":12}},{"start":{"line":164,"column":12},"end":{"line":164,"column":12}}]},"26":{"line":181,"type":"if","locations":[{"start":{"line":181,"column":57},"end":{"line":181,"column":57}},{"start":{"line":181,"column":57},"end":{"line":181,"column":57}}]},"27":{"line":181,"type":"if","locations":[{"start":{"line":181,"column":68},"end":{"line":181,"column":68}},{"start":{"line":181,"column":68},"end":{"line":181,"column":68}}]},"28":{"line":182,"type":"if","locations":[{"start":{"line":182,"column":8},"end":{"line":182,"column":8}},{"start":{"line":182,"column":8},"end":{"line":182,"column":8}}]},"29":{"line":183,"type":"if","locations":[{"start":{"line":183,"column":8},"end":{"line":183,"column":8}},{"start":{"line":183,"column":8},"end":{"line":183,"column":8}}]},"30":{"line":197,"type":"if","locations":[{"start":{"line":197,"column":40},"end":{"line":197,"column":40}},{"start":{"line":197,"column":40},"end":{"line":197,"column":40}}]},"31":{"line":197,"type":"if","locations":[{"start":{"line":197,"column":51},"end":{"line":197,"column":51}},{"start":{"line":197,"column":51},"end":{"line":197,"column":51}}]},"32":{"line":197,"type":"if","locations":[{"start":{"line":197,"column":75},"end":{"line":197,"column":75}},{"start":{"line":197,"column":75},"end":{"line":197,"column":75}}]},"33":{"line":198,"type":"if","locations":[{"start":{"line":198,"column":8},"end":{"line":198,"column":8}},{"start":{"line":198,"column":8},"end":{"line":198,"column":8}}]},"34":{"line":199,"type":"if","locations":[{"start":{"line":199,"column":8},"end":{"line":199,"column":8}},{"start":{"line":199,"column":8},"end":{"line":199,"column":8}}]},"35":{"line":217,"type":"if","locations":[{"start":{"line":217,"column":8},"end":{"line":217,"column":8}},{"start":{"line":217,"column":8},"end":{"line":217,"column":8}}]},"36":{"line":231,"type":"if","locations":[{"start":{"line":231,"column":8},"end":{"line":231,"column":8}},{"start":{"line":231,"column":8},"end":{"line":231,"column":8}}]}}}}
