TN:
SF:/mnt/c/Users/skoita/Desktop/www/project3_dapp/backend/contracts/Voting.sol
FN:57,onlyVoters
FN:62,onlyDuringVotersRegistration
FN:67,onlyDuringProposalsRegistration
FN:72,onlyDuringVotingSession
FN:79,constructor
FN:89,addVoter
FN:103,addVoters
FN:116,startProposalsRegistering
FN:127,endProposalsRegistering
FN:138,startVotingSession
FN:148,endVotingSession
FN:158,tallyVotes
FN:181,addProposal
FN:197,setVote
FN:216,getOneProposal
FN:225,getProposals
FN:230,getWinner
FN:240,getVoter
FN:248,getVotersList
FN:256,getProposalsCount
FN:264,getVotersCount
FNF:21
FNH:21
FNDA:36,onlyVoters
FNDA:47,onlyDuringVotersRegistration
FNDA:23,onlyDuringProposalsRegistration
FNDA:11,onlyDuringVotingSession
FNDA:27,constructor
FNDA:46,addVoter
FNDA:1,addVoters
FNDA:17,startProposalsRegistering
FNDA:9,endProposalsRegistering
FNDA:9,startVotingSession
FNDA:3,endVotingSession
FNDA:3,tallyVotes
FNDA:23,addProposal
FNDA:11,setVote
FNDA:2,getOneProposal
FNDA:1,getProposals
FNDA:2,getWinner
FNDA:5,getVoter
FNDA:1,getVotersList
FNDA:1,getProposalsCount
FNDA:1,getVotersCount
DA:58,36
DA:59,34
DA:63,47
DA:64,47
DA:68,23
DA:69,23
DA:73,11
DA:74,11
DA:80,27
DA:90,46
DA:91,45
DA:93,44
DA:94,44
DA:96,44
DA:104,1
DA:105,3
DA:106,3
DA:107,3
DA:108,3
DA:117,17
DA:118,17
DA:120,16
DA:121,16
DA:128,9
DA:129,9
DA:131,9
DA:132,9
DA:139,9
DA:141,9
DA:142,9
DA:149,3
DA:151,3
DA:152,3
DA:159,3
DA:161,3
DA:163,3
DA:164,5
DA:165,3
DA:166,3
DA:170,3
DA:171,3
DA:172,3
DA:182,23
DA:183,22
DA:185,21
DA:190,21
DA:198,11
DA:199,10
DA:201,9
DA:202,9
DA:204,9
DA:206,9
DA:217,2
DA:218,2
DA:226,1
DA:231,2
DA:232,1
DA:241,5
DA:249,1
DA:257,1
DA:265,1
LF:61
LH:61
BRDA:58,1,0,34
BRDA:58,1,1,2
BRDA:63,2,0,47
BRDA:63,2,1,0
BRDA:68,3,0,23
BRDA:68,3,1,0
BRDA:73,4,0,11
BRDA:73,4,1,0
BRDA:89,5,0,46
BRDA:89,5,1,1
BRDA:89,6,0,46
BRDA:89,6,1,0
BRDA:90,7,0,45
BRDA:90,7,1,1
BRDA:91,8,0,44
BRDA:91,8,1,1
BRDA:103,9,0,1
BRDA:103,9,1,0
BRDA:103,10,0,1
BRDA:103,10,1,0
BRDA:105,11,0,3
BRDA:105,11,1,0
BRDA:116,12,0,17
BRDA:116,12,1,0
BRDA:117,13,0,17
BRDA:117,13,1,0
BRDA:118,14,0,16
BRDA:118,14,1,1
BRDA:127,15,0,9
BRDA:127,15,1,0
BRDA:128,16,0,9
BRDA:128,16,1,0
BRDA:129,17,0,9
BRDA:129,17,1,0
BRDA:138,18,0,9
BRDA:138,18,1,0
BRDA:139,19,0,9
BRDA:139,19,1,0
BRDA:148,20,0,3
BRDA:148,20,1,0
BRDA:149,21,0,3
BRDA:149,21,1,0
BRDA:158,22,0,3
BRDA:158,22,1,0
BRDA:158,23,0,3
BRDA:158,23,1,0
BRDA:159,24,0,3
BRDA:159,24,1,0
BRDA:164,25,0,3
BRDA:164,25,1,2
BRDA:181,26,0,23
BRDA:181,26,1,1
BRDA:181,27,0,23
BRDA:181,27,1,0
BRDA:182,28,0,22
BRDA:182,28,1,1
BRDA:183,29,0,21
BRDA:183,29,1,1
BRDA:197,30,0,11
BRDA:197,30,1,1
BRDA:197,31,0,11
BRDA:197,31,1,0
BRDA:197,32,0,11
BRDA:197,32,1,0
BRDA:198,33,0,10
BRDA:198,33,1,1
BRDA:199,34,0,9
BRDA:199,34,1,1
BRDA:217,35,0,2
BRDA:217,35,1,0
BRDA:231,36,0,1
BRDA:231,36,1,1
BRF:72
BRH:49
end_of_record
